This file contains any messages produced by compilers while
running configure, to aid debugging if configure makes a mistake.

It was created by configure, which was
generated by GNU Autoconf 2.68b.  Invocation command line was

  $ ./configure -C

## --------- ##
## Platform. ##
## --------- ##

hostname = LeBus.local
uname -m = x86_64
uname -r = 11.3.0
uname -s = Darwin
uname -v = Darwin Kernel Version 11.3.0: Thu Jan 12 18:47:41 PST 2012; root:xnu-1699.24.23~1/RELEASE_X86_64

/usr/bin/uname -p = i386
/bin/uname -X     = unknown

/bin/arch              = unknown
/usr/bin/arch -k       = unknown
/usr/convex/getsysinfo = unknown
/usr/bin/hostinfo      = Mach kernel version:
	 Darwin Kernel Version 11.3.0: Thu Jan 12 18:47:41 PST 2012; root:xnu-1699.24.23~1/RELEASE_X86_64
Kernel configured for up to 4 processors.
4 processors are physically available.
4 processors are logically available.
Processor type: i486 (Intel 80486)
Processors active: 0 1 2 3
Primary memory available: 8.00 gigabytes
Default processor set: 103 tasks, 434 threads, 4 processors
Load average: 1.92, Mach factor: 2.07
/bin/machine           = unknown
/usr/bin/oslevel       = unknown
/bin/universe          = unknown

PATH: /private/tmp/homebrew-autoconf-2.68b-YNQT/autoconf-2.68b/tests
PATH: /usr/local/bin
PATH: /usr/local/share/python
PATH: /usr/local/texlive/2011/bin/x86_64-darwin
PATH: /usr/bin
PATH: /bin
PATH: /usr/sbin
PATH: /sbin
PATH: /usr/X11/bin
PATH: /usr/local/Library/Contributions/examples


## ----------- ##
## Core tests. ##
## ----------- ##

configure:1988: creating cache config.cache
configure:2125: checking for gcc
configure:2152: result: /usr/bin/llvm-gcc
configure:2381: checking for C compiler version
configure:2390: /usr/bin/llvm-gcc --version >&5
i686-apple-darwin11-llvm-gcc-4.2 (GCC) 4.2.1 (Based on Apple Inc. build 5658) (LLVM build 2336.9.00)
Copyright (C) 2007 Free Software Foundation, Inc.
This is free software; see the source for copying conditions.  There is NO
warranty; not even for MERCHANTABILITY or FITNESS FOR A PARTICULAR PURPOSE.

configure:2401: $? = 0
configure:2390: /usr/bin/llvm-gcc -v >&5
Using built-in specs.
Target: i686-apple-darwin11
Configured with: /private/var/tmp/llvmgcc42/llvmgcc42-2336.9~22/src/configure --disable-checking --enable-werror --prefix=/Applications/Xcode.app/Contents/Developer/usr/llvm-gcc-4.2 --mandir=/share/man --enable-languages=c,objc,c++,obj-c++ --program-prefix=llvm- --program-transform-name=/^[cg][^.-]*$/s/$/-4.2/ --with-slibdir=/usr/lib --build=i686-apple-darwin11 --enable-llvm=/private/var/tmp/llvmgcc42/llvmgcc42-2336.9~22/dst-llvmCore/Developer/usr/local --program-prefix=i686-apple-darwin11- --host=x86_64-apple-darwin11 --target=i686-apple-darwin11 --with-gxx-include-dir=/usr/include/c++/4.2.1
Thread model: posix
gcc version 4.2.1 (Based on Apple Inc. build 5658) (LLVM build 2336.9.00)
configure:2401: $? = 0
configure:2390: /usr/bin/llvm-gcc -V >&5
llvm-gcc-4.2: argument to `-V' is missing
configure:2401: $? = 1
configure:2390: /usr/bin/llvm-gcc -qversion >&5
i686-apple-darwin11-llvm-gcc-4.2: no input files
configure:2401: $? = 1
configure:2421: checking whether the C compiler works
configure:2443: /usr/bin/llvm-gcc -Os -w -pipe -march=core2 -msse4   conftest.c  >&5
configure:2447: $? = 0
configure:2495: result: yes
configure:2498: checking for C compiler default output file name
configure:2500: result: a.out
configure:2506: checking for suffix of executables
configure:2513: /usr/bin/llvm-gcc -o conftest -Os -w -pipe -march=core2 -msse4   conftest.c  >&5
configure:2517: $? = 0
configure:2539: result: 
configure:2561: checking whether we are cross compiling
configure:2569: /usr/bin/llvm-gcc -o conftest -Os -w -pipe -march=core2 -msse4   conftest.c  >&5
configure:2573: $? = 0
configure:2580: ./conftest
configure:2584: $? = 0
configure:2599: result: no
configure:2604: checking for suffix of object files
configure:2626: /usr/bin/llvm-gcc -c -Os -w -pipe -march=core2 -msse4  conftest.c >&5
configure:2630: $? = 0
configure:2651: result: o
configure:2655: checking whether we are using the GNU C compiler
configure:2674: /usr/bin/llvm-gcc -c -Os -w -pipe -march=core2 -msse4  conftest.c >&5
configure:2674: $? = 0
configure:2683: result: yes
configure:2692: checking whether /usr/bin/llvm-gcc accepts -g
configure:2712: /usr/bin/llvm-gcc -c -g  conftest.c >&5
configure:2712: $? = 0
configure:2753: result: yes
configure:2770: checking for /usr/bin/llvm-gcc option to accept ISO C89
configure:2833: /usr/bin/llvm-gcc  -c -Os -w -pipe -march=core2 -msse4  conftest.c >&5
configure:2833: $? = 0
configure:2846: result: none needed
configure:2867: checking for an ANSI C-conforming const
configure:2933: /usr/bin/llvm-gcc -c -Os -w -pipe -march=core2 -msse4  conftest.c >&5
configure:2933: $? = 0
configure:2940: result: yes
configure:2952: checking size of struct x
configure:2957: /usr/bin/llvm-gcc -o conftest -Os -w -pipe -march=core2 -msse4   conftest.c  >&5
configure:2957: $? = 0
configure:2957: ./conftest
configure:2957: $? = 0
configure:2972: result: 8
configure:2986: checking size of const struct x
configure:2991: /usr/bin/llvm-gcc -o conftest -Os -w -pipe -march=core2 -msse4   conftest.c  >&5
configure:2991: $? = 0
configure:2991: ./conftest
configure:2991: $? = 0
configure:3006: result: 16
configure:3021: checking how to run the C preprocessor
configure:3052: /usr/bin/llvm-gcc -E  conftest.c
configure:3052: $? = 0
configure:3066: /usr/bin/llvm-gcc -E  conftest.c
conftest.c:11:28: error: ac_nonexistent.h: No such file or directory
configure:3066: $? = 1
configure: failed program was:
| /* confdefs.h */
| #define PACKAGE_NAME ""
| #define PACKAGE_TARNAME ""
| #define PACKAGE_VERSION ""
| #define PACKAGE_STRING ""
| #define PACKAGE_BUGREPORT ""
| #define PACKAGE_URL ""
| #define SIZEOF_STRUCT_X 8
| #define SIZEOF_CONST_STRUCT_X 16
| /* end confdefs.h.  */
| #include <ac_nonexistent.h>
configure:3091: result: /usr/bin/llvm-gcc -E
configure:3111: /usr/bin/llvm-gcc -E  conftest.c
configure:3111: $? = 0
configure:3125: /usr/bin/llvm-gcc -E  conftest.c
conftest.c:11:28: error: ac_nonexistent.h: No such file or directory
configure:3125: $? = 1
configure: failed program was:
| /* confdefs.h */
| #define PACKAGE_NAME ""
| #define PACKAGE_TARNAME ""
| #define PACKAGE_VERSION ""
| #define PACKAGE_STRING ""
| #define PACKAGE_BUGREPORT ""
| #define PACKAGE_URL ""
| #define SIZEOF_STRUCT_X 8
| #define SIZEOF_CONST_STRUCT_X 16
| /* end confdefs.h.  */
| #include <ac_nonexistent.h>
configure:3154: checking for grep that handles long lines and -e
configure:3212: result: /usr/bin/grep
configure:3217: checking for egrep
configure:3279: result: /usr/bin/grep -E
configure:3284: checking for ANSI C header files
configure:3304: /usr/bin/llvm-gcc -c -Os -w -pipe -march=core2 -msse4  conftest.c >&5
configure:3304: $? = 0
configure:3377: /usr/bin/llvm-gcc -o conftest -Os -w -pipe -march=core2 -msse4   conftest.c  >&5
configure:3377: $? = 0
configure:3377: ./conftest
configure:3377: $? = 0
configure:3388: result: yes
configure:3401: checking for sys/types.h
configure:3401: /usr/bin/llvm-gcc -c -Os -w -pipe -march=core2 -msse4  conftest.c >&5
configure:3401: $? = 0
configure:3401: result: yes
configure:3401: checking for sys/stat.h
configure:3401: /usr/bin/llvm-gcc -c -Os -w -pipe -march=core2 -msse4  conftest.c >&5
configure:3401: $? = 0
configure:3401: result: yes
configure:3401: checking for stdlib.h
configure:3401: /usr/bin/llvm-gcc -c -Os -w -pipe -march=core2 -msse4  conftest.c >&5
configure:3401: $? = 0
configure:3401: result: yes
configure:3401: checking for string.h
configure:3401: /usr/bin/llvm-gcc -c -Os -w -pipe -march=core2 -msse4  conftest.c >&5
configure:3401: $? = 0
configure:3401: result: yes
configure:3401: checking for memory.h
configure:3401: /usr/bin/llvm-gcc -c -Os -w -pipe -march=core2 -msse4  conftest.c >&5
configure:3401: $? = 0
configure:3401: result: yes
configure:3401: checking for strings.h
configure:3401: /usr/bin/llvm-gcc -c -Os -w -pipe -march=core2 -msse4  conftest.c >&5
configure:3401: $? = 0
configure:3401: result: yes
configure:3401: checking for inttypes.h
configure:3401: /usr/bin/llvm-gcc -c -Os -w -pipe -march=core2 -msse4  conftest.c >&5
configure:3401: $? = 0
configure:3401: result: yes
configure:3401: checking for stdint.h
configure:3401: /usr/bin/llvm-gcc -c -Os -w -pipe -march=core2 -msse4  conftest.c >&5
configure:3401: $? = 0
configure:3401: result: yes
configure:3401: checking for unistd.h
configure:3401: /usr/bin/llvm-gcc -c -Os -w -pipe -march=core2 -msse4  conftest.c >&5
configure:3401: $? = 0
configure:3401: result: yes
configure:3417: checking size of struct nosuchstruct
configure:3422: /usr/bin/llvm-gcc -o conftest -Os -w -pipe -march=core2 -msse4   conftest.c  >&5
conftest.c: In function 'longval':
conftest.c:54: error: invalid application of 'sizeof' to incomplete type 'struct nosuchstruct' 
conftest.c: In function 'ulongval':
conftest.c:55: error: invalid application of 'sizeof' to incomplete type 'struct nosuchstruct' 
conftest.c: In function 'main':
conftest.c:65: error: invalid application of 'sizeof' to incomplete type 'struct nosuchstruct' 
conftest.c:68: error: invalid application of 'sizeof' to incomplete type 'struct nosuchstruct' 
conftest.c:75: error: invalid application of 'sizeof' to incomplete type 'struct nosuchstruct' 
configure:3422: $? = 1
configure: program exited with status 1
configure: failed program was:
| /* confdefs.h */
| #define PACKAGE_NAME ""
| #define PACKAGE_TARNAME ""
| #define PACKAGE_VERSION ""
| #define PACKAGE_STRING ""
| #define PACKAGE_BUGREPORT ""
| #define PACKAGE_URL ""
| #define SIZEOF_STRUCT_X 8
| #define SIZEOF_CONST_STRUCT_X 16
| #define STDC_HEADERS 1
| #define HAVE_SYS_TYPES_H 1
| #define HAVE_SYS_STAT_H 1
| #define HAVE_STDLIB_H 1
| #define HAVE_STRING_H 1
| #define HAVE_MEMORY_H 1
| #define HAVE_STRINGS_H 1
| #define HAVE_INTTYPES_H 1
| #define HAVE_STDINT_H 1
| #define HAVE_UNISTD_H 1
| /* end confdefs.h.  */
| #include <stdio.h>
| #ifdef HAVE_SYS_TYPES_H
| # include <sys/types.h>
| #endif
| #ifdef HAVE_SYS_STAT_H
| # include <sys/stat.h>
| #endif
| #ifdef STDC_HEADERS
| # include <stdlib.h>
| # include <stddef.h>
| #else
| # ifdef HAVE_STDLIB_H
| #  include <stdlib.h>
| # endif
| #endif
| #ifdef HAVE_STRING_H
| # if !defined STDC_HEADERS && defined HAVE_MEMORY_H
| #  include <memory.h>
| # endif
| # include <string.h>
| #endif
| #ifdef HAVE_STRINGS_H
| # include <strings.h>
| #endif
| #ifdef HAVE_INTTYPES_H
| # include <inttypes.h>
| #endif
| #ifdef HAVE_STDINT_H
| # include <stdint.h>
| #endif
| #ifdef HAVE_UNISTD_H
| # include <unistd.h>
| #endif
| static long int longval () { return (long int) (sizeof (struct nosuchstruct)); }
| static unsigned long int ulongval () { return (long int) (sizeof (struct nosuchstruct)); }
| #include <stdio.h>
| #include <stdlib.h>
| int
| main ()
| {
| 
|   FILE *f = fopen ("conftest.val", "w");
|   if (! f)
|     return 1;
|   if (((long int) (sizeof (struct nosuchstruct))) < 0)
|     {
|       long int i = longval ();
|       if (i != ((long int) (sizeof (struct nosuchstruct))))
| 	return 1;
|       fprintf (f, "%ld", i);
|     }
|   else
|     {
|       unsigned long int i = ulongval ();
|       if (i != ((long int) (sizeof (struct nosuchstruct))))
| 	return 1;
|       fprintf (f, "%lu", i);
|     }
|   /* Do not output a trailing newline, as this causes \r\n confusion
|      on some platforms.  */
|   return ferror (f) || fclose (f) != 0;
| 
|   ;
|   return 0;
| }
configure:3436: result: 0
configure:3451: checking size of int *
configure:3456: /usr/bin/llvm-gcc -o conftest -Os -w -pipe -march=core2 -msse4   conftest.c  >&5
configure:3456: $? = 0
configure:3456: ./conftest
configure:3456: $? = 0
configure:3470: result: 8
configure:3546: updating cache config.cache
configure:3595: creating ./config.status

## ---------------------- ##
## Running config.status. ##
## ---------------------- ##

This file was extended by config.status, which was
generated by GNU Autoconf 2.68b.  Invocation command line was

  CONFIG_FILES    = 
  CONFIG_HEADERS  = 
  CONFIG_LINKS    = 
  CONFIG_COMMANDS = 
  $ ./config.status 

on LeBus.local

config.status:678: creating config.h

## ---------------- ##
## Cache variables. ##
## ---------------- ##

ac_cv_c_compiler_gnu=yes
ac_cv_c_const=yes
ac_cv_env_CC_set=set
ac_cv_env_CC_value=/usr/bin/llvm-gcc
ac_cv_env_CFLAGS_set=set
ac_cv_env_CFLAGS_value='-Os -w -pipe -march=core2 -msse4'
ac_cv_env_CPPFLAGS_set=
ac_cv_env_CPPFLAGS_value=
ac_cv_env_CPP_set=
ac_cv_env_CPP_value=
ac_cv_env_LDFLAGS_set=
ac_cv_env_LDFLAGS_value=
ac_cv_env_LIBS_set=
ac_cv_env_LIBS_value=
ac_cv_env_build_alias_set=
ac_cv_env_build_alias_value=
ac_cv_env_host_alias_set=
ac_cv_env_host_alias_value=
ac_cv_env_target_alias_set=
ac_cv_env_target_alias_value=
ac_cv_header_inttypes_h=yes
ac_cv_header_memory_h=yes
ac_cv_header_stdc=yes
ac_cv_header_stdint_h=yes
ac_cv_header_stdlib_h=yes
ac_cv_header_string_h=yes
ac_cv_header_strings_h=yes
ac_cv_header_sys_stat_h=yes
ac_cv_header_sys_types_h=yes
ac_cv_header_unistd_h=yes
ac_cv_objext=o
ac_cv_path_EGREP='/usr/bin/grep -E'
ac_cv_path_GREP=/usr/bin/grep
ac_cv_prog_CPP='/usr/bin/llvm-gcc -E'
ac_cv_prog_ac_ct_CC=/usr/bin/llvm-gcc
ac_cv_prog_cc_c89=
ac_cv_prog_cc_g=yes
ac_cv_sizeof_const_struct_x=16
ac_cv_sizeof_int_p=8
ac_cv_sizeof_struct_nosuchstruct=0
ac_cv_sizeof_struct_x=8

## ----------------- ##
## Output variables. ##
## ----------------- ##

CC='/usr/bin/llvm-gcc'
CFLAGS='-Os -w -pipe -march=core2 -msse4'
CPP='/usr/bin/llvm-gcc -E'
CPPFLAGS=''
DEFS='-DHAVE_CONFIG_H'
ECHO_C='\c'
ECHO_N=''
ECHO_T=''
EGREP='/usr/bin/grep -E'
EXEEXT=''
GREP='/usr/bin/grep'
LDFLAGS=''
LIBOBJS=''
LIBS=''
LTLIBOBJS=''
OBJEXT='o'
PACKAGE_BUGREPORT=''
PACKAGE_NAME=''
PACKAGE_STRING=''
PACKAGE_TARNAME=''
PACKAGE_URL=''
PACKAGE_VERSION=''
PATH_SEPARATOR=':'
SHELL='/bin/sh'
ac_ct_CC='/usr/bin/llvm-gcc'
bindir='${exec_prefix}/bin'
build_alias=''
datadir='${datarootdir}'
datarootdir='${prefix}/share'
docdir='${datarootdir}/doc/${PACKAGE}'
dvidir='${docdir}'
exec_prefix='${prefix}'
host_alias=''
htmldir='${docdir}'
includedir='${prefix}/include'
infodir='${datarootdir}/info'
libdir='${exec_prefix}/lib'
libexecdir='${exec_prefix}/libexec'
localedir='${datarootdir}/locale'
localstatedir='${prefix}/var'
mandir='${datarootdir}/man'
oldincludedir='/usr/include'
pdfdir='${docdir}'
prefix='/usr/local'
program_transform_name='s,x,x,'
psdir='${docdir}'
sbindir='${exec_prefix}/sbin'
sharedstatedir='${prefix}/com'
sysconfdir='${prefix}/etc'
target_alias=''

## ----------- ##
## confdefs.h. ##
## ----------- ##

/* confdefs.h */
#define PACKAGE_NAME ""
#define PACKAGE_TARNAME ""
#define PACKAGE_VERSION ""
#define PACKAGE_STRING ""
#define PACKAGE_BUGREPORT ""
#define PACKAGE_URL ""
#define SIZEOF_STRUCT_X 8
#define SIZEOF_CONST_STRUCT_X 16
#define STDC_HEADERS 1
#define HAVE_SYS_TYPES_H 1
#define HAVE_SYS_STAT_H 1
#define HAVE_STDLIB_H 1
#define HAVE_STRING_H 1
#define HAVE_MEMORY_H 1
#define HAVE_STRINGS_H 1
#define HAVE_INTTYPES_H 1
#define HAVE_STDINT_H 1
#define HAVE_UNISTD_H 1
#define SIZEOF_STRUCT_NOSUCHSTRUCT 0
#define SIZEOF_INT_P 8

configure: exit 0
