This file contains any messages produced by compilers while
running configure, to aid debugging if configure makes a mistake.

It was created by configure, which was
generated by GNU Autoconf 2.68b.  Invocation command line was

  $ ./configure -C

## --------- ##
## Platform. ##
## --------- ##

hostname = LeBus.local
uname -m = x86_64
uname -r = 11.3.0
uname -s = Darwin
uname -v = Darwin Kernel Version 11.3.0: Thu Jan 12 18:47:41 PST 2012; root:xnu-1699.24.23~1/RELEASE_X86_64

/usr/bin/uname -p = i386
/bin/uname -X     = unknown

/bin/arch              = unknown
/usr/bin/arch -k       = unknown
/usr/convex/getsysinfo = unknown
/usr/bin/hostinfo      = Mach kernel version:
	 Darwin Kernel Version 11.3.0: Thu Jan 12 18:47:41 PST 2012; root:xnu-1699.24.23~1/RELEASE_X86_64
Kernel configured for up to 4 processors.
4 processors are physically available.
4 processors are logically available.
Processor type: i486 (Intel 80486)
Processors active: 0 1 2 3
Primary memory available: 8.00 gigabytes
Default processor set: 108 tasks, 458 threads, 4 processors
Load average: 2.06, Mach factor: 2.15
/bin/machine           = unknown
/usr/bin/oslevel       = unknown
/bin/universe          = unknown

PATH: /private/tmp/homebrew-autoconf-2.68b-yWwK/autoconf-2.68b/tests
PATH: /usr/local/bin
PATH: /usr/local/share/python
PATH: /usr/local/texlive/2011/bin/x86_64-darwin
PATH: /usr/bin
PATH: /bin
PATH: /usr/sbin
PATH: /sbin
PATH: /usr/X11/bin
PATH: /usr/local/Library/Contributions/examples


## ----------- ##
## Core tests. ##
## ----------- ##

configure:1653: creating cache config.cache
configure:1790: checking for gcc
configure:1817: result: /usr/bin/clang
configure:2046: checking for C compiler version
configure:2055: /usr/bin/clang --version >&5
Apple clang version 3.1 (tags/Apple/clang-318.0.45) (based on LLVM 3.1svn)
Target: x86_64-apple-darwin11.3.0
Thread model: posix
configure:2066: $? = 0
configure:2055: /usr/bin/clang -v >&5
Apple clang version 3.1 (tags/Apple/clang-318.0.45) (based on LLVM 3.1svn)
Target: x86_64-apple-darwin11.3.0
Thread model: posix
configure:2066: $? = 0
configure:2055: /usr/bin/clang -V >&5
clang: error: argument to '-V' is missing (expected 1 value)
clang: error: no input files
configure:2066: $? = 1
configure:2055: /usr/bin/clang -qversion >&5
clang: error: no input files
configure:2066: $? = 1
configure:2086: checking whether the C compiler works
configure:2108: /usr/bin/clang -Os -w -pipe -march=native -Xclang -target-feature -Xclang -aes -Qunused-arguments   conftest.c  >&5
configure:2112: $? = 0
configure:2160: result: yes
configure:2163: checking for C compiler default output file name
configure:2165: result: a.out
configure:2171: checking for suffix of executables
configure:2178: /usr/bin/clang -o conftest -Os -w -pipe -march=native -Xclang -target-feature -Xclang -aes -Qunused-arguments   conftest.c  >&5
configure:2182: $? = 0
configure:2204: result: 
configure:2226: checking whether we are cross compiling
configure:2234: /usr/bin/clang -o conftest -Os -w -pipe -march=native -Xclang -target-feature -Xclang -aes -Qunused-arguments   conftest.c  >&5
configure:2238: $? = 0
configure:2245: ./conftest
configure:2249: $? = 0
configure:2264: result: no
configure:2269: checking for suffix of object files
configure:2291: /usr/bin/clang -c -Os -w -pipe -march=native -Xclang -target-feature -Xclang -aes -Qunused-arguments  conftest.c >&5
configure:2295: $? = 0
configure:2316: result: o
configure:2320: checking whether we are using the GNU C compiler
configure:2339: /usr/bin/clang -c -Os -w -pipe -march=native -Xclang -target-feature -Xclang -aes -Qunused-arguments  conftest.c >&5
configure:2339: $? = 0
configure:2348: result: yes
configure:2357: checking whether /usr/bin/clang accepts -g
configure:2377: /usr/bin/clang -c -g  conftest.c >&5
configure:2377: $? = 0
configure:2418: result: yes
configure:2435: checking for /usr/bin/clang option to accept ISO C89
configure:2498: /usr/bin/clang  -c -Os -w -pipe -march=native -Xclang -target-feature -Xclang -aes -Qunused-arguments  conftest.c >&5
configure:2498: $? = 0
configure:2511: result: none needed
configure:2532: checking for C/C++ restrict keyword
configure:2557: /usr/bin/clang -c -Os -w -pipe -march=native -Xclang -target-feature -Xclang -aes -Qunused-arguments  conftest.c >&5
configure:2557: $? = 0
configure:2565: result: __restrict
configure:2643: updating cache config.cache
configure:2692: creating ./config.status

## ---------------------- ##
## Running config.status. ##
## ---------------------- ##

This file was extended by config.status, which was
generated by GNU Autoconf 2.68b.  Invocation command line was

  CONFIG_FILES    = 
  CONFIG_HEADERS  = 
  CONFIG_LINKS    = 
  CONFIG_COMMANDS = 
  $ ./config.status 

on LeBus.local

config.status:665: creating config.h

## ---------------- ##
## Cache variables. ##
## ---------------- ##

ac_cv_c_compiler_gnu=yes
ac_cv_c_restrict=__restrict
ac_cv_env_CC_set=set
ac_cv_env_CC_value=/usr/bin/clang
ac_cv_env_CFLAGS_set=set
ac_cv_env_CFLAGS_value='-Os -w -pipe -march=native -Xclang -target-feature -Xclang -aes -Qunused-arguments'
ac_cv_env_CPPFLAGS_set=
ac_cv_env_CPPFLAGS_value=
ac_cv_env_LDFLAGS_set=
ac_cv_env_LDFLAGS_value=
ac_cv_env_LIBS_set=
ac_cv_env_LIBS_value=
ac_cv_env_build_alias_set=
ac_cv_env_build_alias_value=
ac_cv_env_host_alias_set=
ac_cv_env_host_alias_value=
ac_cv_env_target_alias_set=
ac_cv_env_target_alias_value=
ac_cv_objext=o
ac_cv_prog_ac_ct_CC=/usr/bin/clang
ac_cv_prog_cc_c89=
ac_cv_prog_cc_g=yes

## ----------------- ##
## Output variables. ##
## ----------------- ##

CC='/usr/bin/clang'
CFLAGS='-Os -w -pipe -march=native -Xclang -target-feature -Xclang -aes -Qunused-arguments'
CPPFLAGS=''
DEFS='-DHAVE_CONFIG_H'
ECHO_C='\c'
ECHO_N=''
ECHO_T=''
EXEEXT=''
LDFLAGS=''
LIBOBJS=''
LIBS=''
LTLIBOBJS=''
OBJEXT='o'
PACKAGE_BUGREPORT=''
PACKAGE_NAME=''
PACKAGE_STRING=''
PACKAGE_TARNAME=''
PACKAGE_URL=''
PACKAGE_VERSION=''
PATH_SEPARATOR=':'
SHELL='/bin/sh'
ac_ct_CC='/usr/bin/clang'
bindir='${exec_prefix}/bin'
build_alias=''
datadir='${datarootdir}'
datarootdir='${prefix}/share'
docdir='${datarootdir}/doc/${PACKAGE}'
dvidir='${docdir}'
exec_prefix='${prefix}'
host_alias=''
htmldir='${docdir}'
includedir='${prefix}/include'
infodir='${datarootdir}/info'
libdir='${exec_prefix}/lib'
libexecdir='${exec_prefix}/libexec'
localedir='${datarootdir}/locale'
localstatedir='${prefix}/var'
mandir='${datarootdir}/man'
oldincludedir='/usr/include'
pdfdir='${docdir}'
prefix='/usr/local'
program_transform_name='s,x,x,'
psdir='${docdir}'
sbindir='${exec_prefix}/sbin'
sharedstatedir='${prefix}/com'
sysconfdir='${prefix}/etc'
target_alias=''

## ----------- ##
## confdefs.h. ##
## ----------- ##

/* confdefs.h */
#define PACKAGE_NAME ""
#define PACKAGE_TARNAME ""
#define PACKAGE_VERSION ""
#define PACKAGE_STRING ""
#define PACKAGE_BUGREPORT ""
#define PACKAGE_URL ""
#define restrict __restrict

configure: exit 0
