This file contains any messages produced by compilers while
running configure, to aid debugging if configure makes a mistake.

It was created by configure, which was
generated by GNU Autoconf 2.68b.  Invocation command line was

  $ ./configure 

## --------- ##
## Platform. ##
## --------- ##

hostname = LeBus.local
uname -m = x86_64
uname -r = 11.3.0
uname -s = Darwin
uname -v = Darwin Kernel Version 11.3.0: Thu Jan 12 18:47:41 PST 2012; root:xnu-1699.24.23~1/RELEASE_X86_64

/usr/bin/uname -p = i386
/bin/uname -X     = unknown

/bin/arch              = unknown
/usr/bin/arch -k       = unknown
/usr/convex/getsysinfo = unknown
/usr/bin/hostinfo      = Mach kernel version:
	 Darwin Kernel Version 11.3.0: Thu Jan 12 18:47:41 PST 2012; root:xnu-1699.24.23~1/RELEASE_X86_64
Kernel configured for up to 4 processors.
4 processors are physically available.
4 processors are logically available.
Processor type: i486 (Intel 80486)
Processors active: 0 1 2 3
Primary memory available: 8.00 gigabytes
Default processor set: 105 tasks, 450 threads, 4 processors
Load average: 2.80, Mach factor: 1.26
/bin/machine           = unknown
/usr/bin/oslevel       = unknown
/bin/universe          = unknown

PATH: /private/tmp/homebrew-autoconf-2.68b-yWwK/autoconf-2.68b/tests
PATH: /usr/local/bin
PATH: /usr/local/share/python
PATH: /usr/local/texlive/2011/bin/x86_64-darwin
PATH: /usr/bin
PATH: /bin
PATH: /usr/sbin
PATH: /sbin
PATH: /usr/X11/bin
PATH: /usr/local/Library/Contributions/examples


## ----------- ##
## Core tests. ##
## ----------- ##

configure:1999: checking for gcc
configure:2026: result: /usr/bin/clang
configure:2255: checking for C compiler version
configure:2264: /usr/bin/clang --version >&5
Apple clang version 3.1 (tags/Apple/clang-318.0.45) (based on LLVM 3.1svn)
Target: x86_64-apple-darwin11.3.0
Thread model: posix
configure:2275: $? = 0
configure:2264: /usr/bin/clang -v >&5
Apple clang version 3.1 (tags/Apple/clang-318.0.45) (based on LLVM 3.1svn)
Target: x86_64-apple-darwin11.3.0
Thread model: posix
configure:2275: $? = 0
configure:2264: /usr/bin/clang -V >&5
clang: error: argument to '-V' is missing (expected 1 value)
clang: error: no input files
configure:2275: $? = 1
configure:2264: /usr/bin/clang -qversion >&5
clang: error: no input files
configure:2275: $? = 1
configure:2295: checking whether the C compiler works
configure:2317: /usr/bin/clang -Os -w -pipe -march=native -Xclang -target-feature -Xclang -aes -Qunused-arguments   conftest.c  >&5
configure:2321: $? = 0
configure:2369: result: yes
configure:2372: checking for C compiler default output file name
configure:2374: result: a.out
configure:2380: checking for suffix of executables
configure:2387: /usr/bin/clang -o conftest -Os -w -pipe -march=native -Xclang -target-feature -Xclang -aes -Qunused-arguments   conftest.c  >&5
configure:2391: $? = 0
configure:2413: result: 
configure:2435: checking whether we are cross compiling
configure:2443: /usr/bin/clang -o conftest -Os -w -pipe -march=native -Xclang -target-feature -Xclang -aes -Qunused-arguments   conftest.c  >&5
configure:2447: $? = 0
configure:2454: ./conftest
configure:2458: $? = 0
configure:2473: result: no
configure:2478: checking for suffix of object files
configure:2500: /usr/bin/clang -c -Os -w -pipe -march=native -Xclang -target-feature -Xclang -aes -Qunused-arguments  conftest.c >&5
configure:2504: $? = 0
configure:2525: result: o
configure:2529: checking whether we are using the GNU C compiler
configure:2548: /usr/bin/clang -c -Os -w -pipe -march=native -Xclang -target-feature -Xclang -aes -Qunused-arguments  conftest.c >&5
configure:2548: $? = 0
configure:2557: result: yes
configure:2566: checking whether /usr/bin/clang accepts -g
configure:2586: /usr/bin/clang -c -g  conftest.c >&5
configure:2586: $? = 0
configure:2627: result: yes
configure:2644: checking for /usr/bin/clang option to accept ISO C89
configure:2707: /usr/bin/clang  -c -Os -w -pipe -march=native -Xclang -target-feature -Xclang -aes -Qunused-arguments  conftest.c >&5
configure:2707: $? = 0
configure:2720: result: none needed
configure:2746: checking how to run the C preprocessor
configure:2777: /usr/bin/clang -E  conftest.c
configure:2777: $? = 0
configure:2791: /usr/bin/clang -E  conftest.c
conftest.c:9:10: fatal error: 'ac_nonexistent.h' file not found
#include <ac_nonexistent.h>
         ^
1 error generated.
configure:2791: $? = 1
configure: failed program was:
| /* confdefs.h */
| #define PACKAGE_NAME ""
| #define PACKAGE_TARNAME ""
| #define PACKAGE_VERSION ""
| #define PACKAGE_STRING ""
| #define PACKAGE_BUGREPORT ""
| #define PACKAGE_URL ""
| /* end confdefs.h.  */
| #include <ac_nonexistent.h>
configure:2816: result: /usr/bin/clang -E
configure:2836: /usr/bin/clang -E  conftest.c
configure:2836: $? = 0
configure:2850: /usr/bin/clang -E  conftest.c
conftest.c:9:10: fatal error: 'ac_nonexistent.h' file not found
#include <ac_nonexistent.h>
         ^
1 error generated.
configure:2850: $? = 1
configure: failed program was:
| /* confdefs.h */
| #define PACKAGE_NAME ""
| #define PACKAGE_TARNAME ""
| #define PACKAGE_VERSION ""
| #define PACKAGE_STRING ""
| #define PACKAGE_BUGREPORT ""
| #define PACKAGE_URL ""
| /* end confdefs.h.  */
| #include <ac_nonexistent.h>
configure:2879: checking for grep that handles long lines and -e
configure:2937: result: /usr/bin/grep
configure:2942: checking for egrep
configure:3004: result: /usr/bin/grep -E
configure:3009: checking for ANSI C header files
configure:3029: /usr/bin/clang -c -Os -w -pipe -march=native -Xclang -target-feature -Xclang -aes -Qunused-arguments  conftest.c >&5
configure:3029: $? = 0
configure:3102: /usr/bin/clang -o conftest -Os -w -pipe -march=native -Xclang -target-feature -Xclang -aes -Qunused-arguments   conftest.c  >&5
configure:3102: $? = 0
configure:3102: ./conftest
configure:3102: $? = 0
configure:3113: result: yes
configure:3126: checking for sys/types.h
configure:3126: /usr/bin/clang -c -Os -w -pipe -march=native -Xclang -target-feature -Xclang -aes -Qunused-arguments  conftest.c >&5
configure:3126: $? = 0
configure:3126: result: yes
configure:3126: checking for sys/stat.h
configure:3126: /usr/bin/clang -c -Os -w -pipe -march=native -Xclang -target-feature -Xclang -aes -Qunused-arguments  conftest.c >&5
configure:3126: $? = 0
configure:3126: result: yes
configure:3126: checking for stdlib.h
configure:3126: /usr/bin/clang -c -Os -w -pipe -march=native -Xclang -target-feature -Xclang -aes -Qunused-arguments  conftest.c >&5
configure:3126: $? = 0
configure:3126: result: yes
configure:3126: checking for string.h
configure:3126: /usr/bin/clang -c -Os -w -pipe -march=native -Xclang -target-feature -Xclang -aes -Qunused-arguments  conftest.c >&5
configure:3126: $? = 0
configure:3126: result: yes
configure:3126: checking for memory.h
configure:3126: /usr/bin/clang -c -Os -w -pipe -march=native -Xclang -target-feature -Xclang -aes -Qunused-arguments  conftest.c >&5
configure:3126: $? = 0
configure:3126: result: yes
configure:3126: checking for strings.h
configure:3126: /usr/bin/clang -c -Os -w -pipe -march=native -Xclang -target-feature -Xclang -aes -Qunused-arguments  conftest.c >&5
configure:3126: $? = 0
configure:3126: result: yes
configure:3126: checking for inttypes.h
configure:3126: /usr/bin/clang -c -Os -w -pipe -march=native -Xclang -target-feature -Xclang -aes -Qunused-arguments  conftest.c >&5
configure:3126: $? = 0
configure:3126: result: yes
configure:3126: checking for stdint.h
configure:3126: /usr/bin/clang -c -Os -w -pipe -march=native -Xclang -target-feature -Xclang -aes -Qunused-arguments  conftest.c >&5
configure:3126: $? = 0
configure:3126: result: yes
configure:3126: checking for unistd.h
configure:3126: /usr/bin/clang -c -Os -w -pipe -march=native -Xclang -target-feature -Xclang -aes -Qunused-arguments  conftest.c >&5
configure:3126: $? = 0
configure:3126: result: yes
configure:3138: checking for struct stat.st_blksize
configure:3138: /usr/bin/clang -c -Os -w -pipe -march=native -Xclang -target-feature -Xclang -aes -Qunused-arguments  conftest.c >&5
configure:3138: $? = 0
configure:3138: result: yes
configure:3265: creating ./config.status

## ---------------------- ##
## Running config.status. ##
## ---------------------- ##

This file was extended by config.status, which was
generated by GNU Autoconf 2.68b.  Invocation command line was

  CONFIG_FILES    = 
  CONFIG_HEADERS  = 
  CONFIG_LINKS    = 
  CONFIG_COMMANDS = 
  $ ./config.status 

on LeBus.local

config.status:676: creating config.h
config.status:766: config.h is unchanged

## ---------------- ##
## Cache variables. ##
## ---------------- ##

ac_cv_c_compiler_gnu=yes
ac_cv_env_CC_set=set
ac_cv_env_CC_value=/usr/bin/clang
ac_cv_env_CFLAGS_set=set
ac_cv_env_CFLAGS_value='-Os -w -pipe -march=native -Xclang -target-feature -Xclang -aes -Qunused-arguments'
ac_cv_env_CPPFLAGS_set=
ac_cv_env_CPPFLAGS_value=
ac_cv_env_CPP_set=
ac_cv_env_CPP_value=
ac_cv_env_LDFLAGS_set=
ac_cv_env_LDFLAGS_value=
ac_cv_env_LIBS_set=
ac_cv_env_LIBS_value=
ac_cv_env_build_alias_set=
ac_cv_env_build_alias_value=
ac_cv_env_host_alias_set=
ac_cv_env_host_alias_value=
ac_cv_env_target_alias_set=
ac_cv_env_target_alias_value=
ac_cv_header_inttypes_h=yes
ac_cv_header_memory_h=yes
ac_cv_header_stdc=yes
ac_cv_header_stdint_h=yes
ac_cv_header_stdlib_h=yes
ac_cv_header_string_h=yes
ac_cv_header_strings_h=yes
ac_cv_header_sys_stat_h=yes
ac_cv_header_sys_types_h=yes
ac_cv_header_unistd_h=yes
ac_cv_member_struct_stat_st_blksize=yes
ac_cv_objext=o
ac_cv_path_EGREP='/usr/bin/grep -E'
ac_cv_path_GREP=/usr/bin/grep
ac_cv_prog_CPP='/usr/bin/clang -E'
ac_cv_prog_ac_ct_CC=/usr/bin/clang
ac_cv_prog_cc_c89=
ac_cv_prog_cc_g=yes

## ----------------- ##
## Output variables. ##
## ----------------- ##

CC='/usr/bin/clang'
CFLAGS='-Os -w -pipe -march=native -Xclang -target-feature -Xclang -aes -Qunused-arguments'
CPP='/usr/bin/clang -E'
CPPFLAGS=''
DEFS='-DHAVE_CONFIG_H'
ECHO_C='\c'
ECHO_N=''
ECHO_T=''
EGREP='/usr/bin/grep -E'
EXEEXT=''
GREP='/usr/bin/grep'
LDFLAGS=''
LIBOBJS=''
LIBS=''
LTLIBOBJS=''
OBJEXT='o'
PACKAGE_BUGREPORT=''
PACKAGE_NAME=''
PACKAGE_STRING=''
PACKAGE_TARNAME=''
PACKAGE_URL=''
PACKAGE_VERSION=''
PATH_SEPARATOR=':'
SHELL='/bin/sh'
ac_ct_CC='/usr/bin/clang'
bindir='${exec_prefix}/bin'
build_alias=''
datadir='${datarootdir}'
datarootdir='${prefix}/share'
docdir='${datarootdir}/doc/${PACKAGE}'
dvidir='${docdir}'
exec_prefix='${prefix}'
host_alias=''
htmldir='${docdir}'
includedir='${prefix}/include'
infodir='${datarootdir}/info'
libdir='${exec_prefix}/lib'
libexecdir='${exec_prefix}/libexec'
localedir='${datarootdir}/locale'
localstatedir='${prefix}/var'
mandir='${datarootdir}/man'
oldincludedir='/usr/include'
pdfdir='${docdir}'
prefix='/usr/local'
program_transform_name='s,x,x,'
psdir='${docdir}'
sbindir='${exec_prefix}/sbin'
sharedstatedir='${prefix}/com'
sysconfdir='${prefix}/etc'
target_alias=''

## ----------- ##
## confdefs.h. ##
## ----------- ##

/* confdefs.h */
#define PACKAGE_NAME ""
#define PACKAGE_TARNAME ""
#define PACKAGE_VERSION ""
#define PACKAGE_STRING ""
#define PACKAGE_BUGREPORT ""
#define PACKAGE_URL ""
#define STDC_HEADERS 1
#define HAVE_SYS_TYPES_H 1
#define HAVE_SYS_STAT_H 1
#define HAVE_STDLIB_H 1
#define HAVE_STRING_H 1
#define HAVE_MEMORY_H 1
#define HAVE_STRINGS_H 1
#define HAVE_INTTYPES_H 1
#define HAVE_STDINT_H 1
#define HAVE_UNISTD_H 1
#define HAVE_STRUCT_STAT_ST_BLKSIZE 1
#define HAVE_ST_BLKSIZE 1

configure: exit 0
