This file contains any messages produced by compilers while
running configure, to aid debugging if configure makes a mistake.

It was created by configure, which was
generated by GNU Autoconf 2.68b.  Invocation command line was

  $ ./configure 

## --------- ##
## Platform. ##
## --------- ##

hostname = LeBus.local
uname -m = x86_64
uname -r = 11.3.0
uname -s = Darwin
uname -v = Darwin Kernel Version 11.3.0: Thu Jan 12 18:47:41 PST 2012; root:xnu-1699.24.23~1/RELEASE_X86_64

/usr/bin/uname -p = i386
/bin/uname -X     = unknown

/bin/arch              = unknown
/usr/bin/arch -k       = unknown
/usr/convex/getsysinfo = unknown
/usr/bin/hostinfo      = Mach kernel version:
	 Darwin Kernel Version 11.3.0: Thu Jan 12 18:47:41 PST 2012; root:xnu-1699.24.23~1/RELEASE_X86_64
Kernel configured for up to 4 processors.
4 processors are physically available.
4 processors are logically available.
Processor type: i486 (Intel 80486)
Processors active: 0 1 2 3
Primary memory available: 8.00 gigabytes
Default processor set: 108 tasks, 458 threads, 4 processors
Load average: 1.97, Mach factor: 2.16
/bin/machine           = unknown
/usr/bin/oslevel       = unknown
/bin/universe          = unknown

PATH: /private/tmp/homebrew-autoconf-2.68b-9Vqq/autoconf-2.68b/tests
PATH: /usr/local/bin
PATH: /usr/local/share/python
PATH: /usr/local/texlive/2011/bin/x86_64-darwin
PATH: /usr/bin
PATH: /bin
PATH: /usr/sbin
PATH: /sbin
PATH: /usr/X11/bin
PATH: /usr/local/Library/Contributions/examples


## ----------- ##
## Core tests. ##
## ----------- ##

configure:1960: checking for gcc
configure:1987: result: /usr/bin/llvm-gcc
configure:2216: checking for C compiler version
configure:2225: /usr/bin/llvm-gcc --version >&5
i686-apple-darwin11-llvm-gcc-4.2 (GCC) 4.2.1 (Based on Apple Inc. build 5658) (LLVM build 2336.9.00)
Copyright (C) 2007 Free Software Foundation, Inc.
This is free software; see the source for copying conditions.  There is NO
warranty; not even for MERCHANTABILITY or FITNESS FOR A PARTICULAR PURPOSE.

configure:2236: $? = 0
configure:2225: /usr/bin/llvm-gcc -v >&5
Using built-in specs.
Target: i686-apple-darwin11
Configured with: /private/var/tmp/llvmgcc42/llvmgcc42-2336.9~22/src/configure --disable-checking --enable-werror --prefix=/Applications/Xcode.app/Contents/Developer/usr/llvm-gcc-4.2 --mandir=/share/man --enable-languages=c,objc,c++,obj-c++ --program-prefix=llvm- --program-transform-name=/^[cg][^.-]*$/s/$/-4.2/ --with-slibdir=/usr/lib --build=i686-apple-darwin11 --enable-llvm=/private/var/tmp/llvmgcc42/llvmgcc42-2336.9~22/dst-llvmCore/Developer/usr/local --program-prefix=i686-apple-darwin11- --host=x86_64-apple-darwin11 --target=i686-apple-darwin11 --with-gxx-include-dir=/usr/include/c++/4.2.1
Thread model: posix
gcc version 4.2.1 (Based on Apple Inc. build 5658) (LLVM build 2336.9.00)
configure:2236: $? = 0
configure:2225: /usr/bin/llvm-gcc -V >&5
llvm-gcc-4.2: argument to `-V' is missing
configure:2236: $? = 1
configure:2225: /usr/bin/llvm-gcc -qversion >&5
i686-apple-darwin11-llvm-gcc-4.2: no input files
configure:2236: $? = 1
configure:2256: checking whether the C compiler works
configure:2278: /usr/bin/llvm-gcc -Os -w -pipe -march=core2 -msse4   conftest.c  >&5
configure:2282: $? = 0
configure:2330: result: yes
configure:2333: checking for C compiler default output file name
configure:2335: result: a.out
configure:2341: checking for suffix of executables
configure:2348: /usr/bin/llvm-gcc -o conftest -Os -w -pipe -march=core2 -msse4   conftest.c  >&5
configure:2352: $? = 0
configure:2374: result: 
configure:2396: checking whether we are cross compiling
configure:2404: /usr/bin/llvm-gcc -o conftest -Os -w -pipe -march=core2 -msse4   conftest.c  >&5
configure:2408: $? = 0
configure:2415: ./conftest
configure:2419: $? = 0
configure:2434: result: no
configure:2439: checking for suffix of object files
configure:2461: /usr/bin/llvm-gcc -c -Os -w -pipe -march=core2 -msse4  conftest.c >&5
configure:2465: $? = 0
configure:2486: result: o
configure:2490: checking whether we are using the GNU C compiler
configure:2509: /usr/bin/llvm-gcc -c -Os -w -pipe -march=core2 -msse4  conftest.c >&5
configure:2509: $? = 0
configure:2518: result: yes
configure:2527: checking whether /usr/bin/llvm-gcc accepts -g
configure:2547: /usr/bin/llvm-gcc -c -g  conftest.c >&5
configure:2547: $? = 0
configure:2588: result: yes
configure:2605: checking for /usr/bin/llvm-gcc option to accept ISO C89
configure:2668: /usr/bin/llvm-gcc  -c -Os -w -pipe -march=core2 -msse4  conftest.c >&5
configure:2668: $? = 0
configure:2681: result: none needed
configure:2707: checking how to run the C preprocessor
configure:2738: /usr/bin/llvm-gcc -E  conftest.c
configure:2738: $? = 0
configure:2752: /usr/bin/llvm-gcc -E  conftest.c
conftest.c:9:28: error: ac_nonexistent.h: No such file or directory
configure:2752: $? = 1
configure: failed program was:
| /* confdefs.h */
| #define PACKAGE_NAME ""
| #define PACKAGE_TARNAME ""
| #define PACKAGE_VERSION ""
| #define PACKAGE_STRING ""
| #define PACKAGE_BUGREPORT ""
| #define PACKAGE_URL ""
| /* end confdefs.h.  */
| #include <ac_nonexistent.h>
configure:2777: result: /usr/bin/llvm-gcc -E
configure:2797: /usr/bin/llvm-gcc -E  conftest.c
configure:2797: $? = 0
configure:2811: /usr/bin/llvm-gcc -E  conftest.c
conftest.c:9:28: error: ac_nonexistent.h: No such file or directory
configure:2811: $? = 1
configure: failed program was:
| /* confdefs.h */
| #define PACKAGE_NAME ""
| #define PACKAGE_TARNAME ""
| #define PACKAGE_VERSION ""
| #define PACKAGE_STRING ""
| #define PACKAGE_BUGREPORT ""
| #define PACKAGE_URL ""
| /* end confdefs.h.  */
| #include <ac_nonexistent.h>
configure:2840: checking for X
configure:2948: /usr/bin/llvm-gcc -E  conftest.c
configure:2948: $? = 0
configure:2979: /usr/bin/llvm-gcc -o conftest -Os -w -pipe -march=core2 -msse4   conftest.c -lX11  >&5
ld: library not found for -lX11
collect2: ld returned 1 exit status
configure:2979: $? = 1
configure: failed program was:
| /* confdefs.h */
| #define PACKAGE_NAME ""
| #define PACKAGE_TARNAME ""
| #define PACKAGE_VERSION ""
| #define PACKAGE_STRING ""
| #define PACKAGE_BUGREPORT ""
| #define PACKAGE_URL ""
| /* end confdefs.h.  */
| #include <X11/Xlib.h>
| int
| main ()
| {
| XrmInitialize ()
|   ;
|   return 0;
| }
configure:3029: result: libraries /usr/X11/lib, headers 
configure:3049: checking whether -R must be followed by a space
configure:3065: /usr/bin/llvm-gcc -o conftest -Os -w -pipe -march=core2 -msse4   conftest.c  -R/usr/X11/lib >&5
configure:3065: $? = 0
configure:3066: result: no
configure:3128: /usr/bin/llvm-gcc -o conftest -Os -w -pipe -march=core2 -msse4   conftest.c   -L/usr/X11/lib -R/usr/X11/lib -lX11 >&5
configure:3128: $? = 0
configure:3226: checking for gethostbyname
configure:3226: /usr/bin/llvm-gcc -o conftest -Os -w -pipe -march=core2 -msse4   conftest.c  >&5
configure:3226: $? = 0
configure:3226: result: yes
configure:3323: checking for connect
configure:3323: /usr/bin/llvm-gcc -o conftest -Os -w -pipe -march=core2 -msse4   conftest.c  >&5
configure:3323: $? = 0
configure:3323: result: yes
configure:3372: checking for remove
configure:3372: /usr/bin/llvm-gcc -o conftest -Os -w -pipe -march=core2 -msse4   conftest.c  >&5
configure:3372: $? = 0
configure:3372: result: yes
configure:3421: checking for shmat
configure:3421: /usr/bin/llvm-gcc -o conftest -Os -w -pipe -march=core2 -msse4   conftest.c  >&5
configure:3421: $? = 0
configure:3421: result: yes
configure:3479: checking for IceConnectionNumber in -lICE
configure:3504: /usr/bin/llvm-gcc -o conftest -Os -w -pipe -march=core2 -msse4   -L/usr/X11/lib conftest.c -lICE   >&5
configure:3504: $? = 0
configure:3513: result: yes
configure:3637: creating ./config.status

## ---------------------- ##
## Running config.status. ##
## ---------------------- ##

This file was extended by config.status, which was
generated by GNU Autoconf 2.68b.  Invocation command line was

  CONFIG_FILES    = 
  CONFIG_HEADERS  = 
  CONFIG_LINKS    = 
  CONFIG_COMMANDS = 
  $ ./config.status 

on LeBus.local

config.status:664: creating config.h

## ---------------- ##
## Cache variables. ##
## ---------------- ##

ac_cv_c_compiler_gnu=yes
ac_cv_env_CC_set=set
ac_cv_env_CC_value=/usr/bin/llvm-gcc
ac_cv_env_CFLAGS_set=set
ac_cv_env_CFLAGS_value='-Os -w -pipe -march=core2 -msse4'
ac_cv_env_CPPFLAGS_set=
ac_cv_env_CPPFLAGS_value=
ac_cv_env_CPP_set=
ac_cv_env_CPP_value=
ac_cv_env_LDFLAGS_set=
ac_cv_env_LDFLAGS_value=
ac_cv_env_LIBS_set=
ac_cv_env_LIBS_value=
ac_cv_env_XMKMF_set=
ac_cv_env_XMKMF_value=
ac_cv_env_build_alias_set=
ac_cv_env_build_alias_value=
ac_cv_env_host_alias_set=
ac_cv_env_host_alias_value=
ac_cv_env_target_alias_set=
ac_cv_env_target_alias_value=
ac_cv_func_connect=yes
ac_cv_func_gethostbyname=yes
ac_cv_func_remove=yes
ac_cv_func_shmat=yes
ac_cv_have_x='have_x=yes	ac_x_includes='\'''\''	ac_x_libraries='\''/usr/X11/lib'\'''
ac_cv_lib_ICE_IceConnectionNumber=yes
ac_cv_objext=o
ac_cv_prog_CPP='/usr/bin/llvm-gcc -E'
ac_cv_prog_ac_ct_CC=/usr/bin/llvm-gcc
ac_cv_prog_cc_c89=
ac_cv_prog_cc_g=yes

## ----------------- ##
## Output variables. ##
## ----------------- ##

CC='/usr/bin/llvm-gcc'
CFLAGS='-Os -w -pipe -march=core2 -msse4'
CPP='/usr/bin/llvm-gcc -E'
CPPFLAGS=''
DEFS='-DHAVE_CONFIG_H'
ECHO_C='\c'
ECHO_N=''
ECHO_T=''
EXEEXT=''
LDFLAGS=''
LIBOBJS=''
LIBS=''
LTLIBOBJS=''
OBJEXT='o'
PACKAGE_BUGREPORT=''
PACKAGE_NAME=''
PACKAGE_STRING=''
PACKAGE_TARNAME=''
PACKAGE_URL=''
PACKAGE_VERSION=''
PATH_SEPARATOR=':'
SHELL='/bin/sh'
XMKMF=''
X_CFLAGS=''
X_EXTRA_LIBS=''
X_LIBS=' -L/usr/X11/lib -R/usr/X11/lib'
X_PRE_LIBS=' -lSM -lICE'
ac_ct_CC='/usr/bin/llvm-gcc'
bindir='${exec_prefix}/bin'
build_alias=''
datadir='${datarootdir}'
datarootdir='${prefix}/share'
docdir='${datarootdir}/doc/${PACKAGE}'
dvidir='${docdir}'
exec_prefix='${prefix}'
host_alias=''
htmldir='${docdir}'
includedir='${prefix}/include'
infodir='${datarootdir}/info'
libdir='${exec_prefix}/lib'
libexecdir='${exec_prefix}/libexec'
localedir='${datarootdir}/locale'
localstatedir='${prefix}/var'
mandir='${datarootdir}/man'
oldincludedir='/usr/include'
pdfdir='${docdir}'
prefix='/usr/local'
program_transform_name='s,x,x,'
psdir='${docdir}'
sbindir='${exec_prefix}/sbin'
sharedstatedir='${prefix}/com'
sysconfdir='${prefix}/etc'
target_alias=''

## ----------- ##
## confdefs.h. ##
## ----------- ##

/* confdefs.h */
#define PACKAGE_NAME ""
#define PACKAGE_TARNAME ""
#define PACKAGE_VERSION ""
#define PACKAGE_STRING ""
#define PACKAGE_BUGREPORT ""
#define PACKAGE_URL ""

configure: exit 0
