This file contains any messages produced by compilers while
running configure, to aid debugging if configure makes a mistake.

It was created by configure, which was
generated by GNU Autoconf 2.68b.  Invocation command line was

  $ ./configure -C

## --------- ##
## Platform. ##
## --------- ##

hostname = LeBus.local
uname -m = x86_64
uname -r = 11.3.0
uname -s = Darwin
uname -v = Darwin Kernel Version 11.3.0: Thu Jan 12 18:47:41 PST 2012; root:xnu-1699.24.23~1/RELEASE_X86_64

/usr/bin/uname -p = i386
/bin/uname -X     = unknown

/bin/arch              = unknown
/usr/bin/arch -k       = unknown
/usr/convex/getsysinfo = unknown
/usr/bin/hostinfo      = Mach kernel version:
	 Darwin Kernel Version 11.3.0: Thu Jan 12 18:47:41 PST 2012; root:xnu-1699.24.23~1/RELEASE_X86_64
Kernel configured for up to 4 processors.
4 processors are physically available.
4 processors are logically available.
Processor type: i486 (Intel 80486)
Processors active: 0 1 2 3
Primary memory available: 8.00 gigabytes
Default processor set: 107 tasks, 460 threads, 4 processors
Load average: 2.76, Mach factor: 1.46
/bin/machine           = unknown
/usr/bin/oslevel       = unknown
/bin/universe          = unknown

PATH: /private/tmp/homebrew-autoconf-2.68b-yWwK/autoconf-2.68b/tests
PATH: /usr/local/bin
PATH: /usr/local/share/python
PATH: /usr/local/texlive/2011/bin/x86_64-darwin
PATH: /usr/bin
PATH: /bin
PATH: /usr/sbin
PATH: /sbin
PATH: /usr/X11/bin
PATH: /usr/local/Library/Contributions/examples


## ----------- ##
## Core tests. ##
## ----------- ##

configure:1691: loading cache config.cache
configure:1836: checking for gcc
configure:1863: result: /usr/bin/clang
configure:2092: checking for C compiler version
configure:2101: /usr/bin/clang --version >&5
Apple clang version 3.1 (tags/Apple/clang-318.0.45) (based on LLVM 3.1svn)
Target: x86_64-apple-darwin11.3.0
Thread model: posix
configure:2112: $? = 0
configure:2101: /usr/bin/clang -v >&5
Apple clang version 3.1 (tags/Apple/clang-318.0.45) (based on LLVM 3.1svn)
Target: x86_64-apple-darwin11.3.0
Thread model: posix
configure:2112: $? = 0
configure:2101: /usr/bin/clang -V >&5
clang: error: argument to '-V' is missing (expected 1 value)
clang: error: no input files
configure:2112: $? = 1
configure:2101: /usr/bin/clang -qversion >&5
clang: error: no input files
configure:2112: $? = 1
configure:2132: checking whether the C compiler works
configure:2154: /usr/bin/clang -Os -w -pipe -march=native -Xclang -target-feature -Xclang -aes -Qunused-arguments   conftest.c  >&5
configure:2158: $? = 0
configure:2206: result: yes
configure:2209: checking for C compiler default output file name
configure:2211: result: a.out
configure:2217: checking for suffix of executables
configure:2224: /usr/bin/clang -o conftest -Os -w -pipe -march=native -Xclang -target-feature -Xclang -aes -Qunused-arguments   conftest.c  >&5
configure:2228: $? = 0
configure:2250: result: 
configure:2272: checking whether we are cross compiling
configure:2280: /usr/bin/clang -o conftest -Os -w -pipe -march=native -Xclang -target-feature -Xclang -aes -Qunused-arguments   conftest.c  >&5
configure:2284: $? = 0
configure:2291: ./conftest
configure:2295: $? = 0
configure:2310: result: no
configure:2315: checking for suffix of object files
configure:2362: result: o
configure:2366: checking whether we are using the GNU C compiler
configure:2394: result: yes
configure:2403: checking whether /usr/bin/clang accepts -g
configure:2464: result: yes
configure:2481: checking for /usr/bin/clang option to accept ISO C89
configure:2557: result: none needed
configure:2578: checking whether yes is declared
configure:2578: result: yes
configure:2594: checking whether no is declared
configure:2594: result: no
configure:2610: checking whether myenum is declared
configure:2610: result: yes
configure:2626: checking whether mystruct is declared
configure:2626: result: yes
configure:2642: checking whether myfunc is declared
configure:2642: result: yes
configure:2658: checking whether mymacro1 is declared
configure:2658: result: yes
configure:2674: checking whether mymacro2 is declared
configure:2674: result: yes
configure:2693: checking whether basenam is declared
configure:2693: result: yes
configure:2719: checking whether dirnam is declared
configure:2719: result: no
configure:2745: checking whether moreargs is declared
configure:2745: result: yes
configure:2772: checking whether declared is declared
configure:2772: result: yes
configure:2787: checking whether undeclared is declared
configure:2787: result: no
configure:2908: creating ./config.status

## ---------------------- ##
## Running config.status. ##
## ---------------------- ##

This file was extended by config.status, which was
generated by GNU Autoconf 2.68b.  Invocation command line was

  CONFIG_FILES    = 
  CONFIG_HEADERS  = 
  CONFIG_LINKS    = 
  CONFIG_COMMANDS = 
  $ ./config.status 

on LeBus.local

config.status:674: creating config.h
config.status:764: config.h is unchanged

## ---------------- ##
## Cache variables. ##
## ---------------- ##

ac_cv_c_compiler_gnu=yes
ac_cv_env_CC_set=set
ac_cv_env_CC_value=/usr/bin/clang
ac_cv_env_CFLAGS_set=set
ac_cv_env_CFLAGS_value='-Os -w -pipe -march=native -Xclang -target-feature -Xclang -aes -Qunused-arguments'
ac_cv_env_CPPFLAGS_set=
ac_cv_env_CPPFLAGS_value=
ac_cv_env_LDFLAGS_set=
ac_cv_env_LDFLAGS_value=
ac_cv_env_LIBS_set=
ac_cv_env_LIBS_value=
ac_cv_env_build_alias_set=
ac_cv_env_build_alias_value=
ac_cv_env_host_alias_set=
ac_cv_env_host_alias_value=
ac_cv_env_target_alias_set=
ac_cv_env_target_alias_value=
ac_cv_have_decl_basenam__char_p_=yes
ac_cv_have_decl_declared__char_p_=yes
ac_cv_have_decl_dirnam_char_p_=no
ac_cv_have_decl_moreargs__char__short__int__long__void_p__char___float__double_=yes
ac_cv_have_decl_myenum=yes
ac_cv_have_decl_myfunc=yes
ac_cv_have_decl_mymacro1=yes
ac_cv_have_decl_mymacro2=yes
ac_cv_have_decl_mystruct=yes
ac_cv_have_decl_no=no
ac_cv_have_decl_undeclared__char_p_=no
ac_cv_have_decl_yes=yes
ac_cv_objext=o
ac_cv_prog_ac_ct_CC=/usr/bin/clang
ac_cv_prog_cc_c89=
ac_cv_prog_cc_g=yes

## ----------------- ##
## Output variables. ##
## ----------------- ##

CC='/usr/bin/clang'
CFLAGS='-Os -w -pipe -march=native -Xclang -target-feature -Xclang -aes -Qunused-arguments'
CPPFLAGS=''
DEFS='-DHAVE_CONFIG_H'
ECHO_C='\c'
ECHO_N=''
ECHO_T=''
EXEEXT=''
LDFLAGS=''
LIBOBJS=''
LIBS=''
LTLIBOBJS=''
OBJEXT='o'
PACKAGE_BUGREPORT=''
PACKAGE_NAME=''
PACKAGE_STRING=''
PACKAGE_TARNAME=''
PACKAGE_URL=''
PACKAGE_VERSION=''
PATH_SEPARATOR=':'
SHELL='/bin/sh'
ac_ct_CC='/usr/bin/clang'
bindir='${exec_prefix}/bin'
build_alias=''
datadir='${datarootdir}'
datarootdir='${prefix}/share'
docdir='${datarootdir}/doc/${PACKAGE}'
dvidir='${docdir}'
exec_prefix='${prefix}'
host_alias=''
htmldir='${docdir}'
includedir='${prefix}/include'
infodir='${datarootdir}/info'
libdir='${exec_prefix}/lib'
libexecdir='${exec_prefix}/libexec'
localedir='${datarootdir}/locale'
localstatedir='${prefix}/var'
mandir='${datarootdir}/man'
oldincludedir='/usr/include'
pdfdir='${docdir}'
prefix='/usr/local'
program_transform_name='s,x,x,'
psdir='${docdir}'
sbindir='${exec_prefix}/sbin'
sharedstatedir='${prefix}/com'
sysconfdir='${prefix}/etc'
target_alias=''

## ----------- ##
## confdefs.h. ##
## ----------- ##

/* confdefs.h */
#define PACKAGE_NAME ""
#define PACKAGE_TARNAME ""
#define PACKAGE_VERSION ""
#define PACKAGE_STRING ""
#define PACKAGE_BUGREPORT ""
#define PACKAGE_URL ""
#define HAVE_DECL_YES 1
#define HAVE_DECL_NO 0
#define HAVE_DECL_MYENUM 1
#define HAVE_DECL_MYSTRUCT 1
#define HAVE_DECL_MYFUNC 1
#define HAVE_DECL_MYMACRO1 1
#define HAVE_DECL_MYMACRO2 1
#define HAVE_DECL_BASENAM 1
#define HAVE_DECL_DIRNAM 0
#define HAVE_DECL_MOREARGS 1

configure: exit 0
