This file contains any messages produced by compilers while
running configure, to aid debugging if configure makes a mistake.

It was created by configure, which was
generated by GNU Autoconf 2.68b.  Invocation command line was

  $ ./configure -C

## --------- ##
## Platform. ##
## --------- ##

hostname = LeBus.local
uname -m = x86_64
uname -r = 11.3.0
uname -s = Darwin
uname -v = Darwin Kernel Version 11.3.0: Thu Jan 12 18:47:41 PST 2012; root:xnu-1699.24.23~1/RELEASE_X86_64

/usr/bin/uname -p = i386
/bin/uname -X     = unknown

/bin/arch              = unknown
/usr/bin/arch -k       = unknown
/usr/convex/getsysinfo = unknown
/usr/bin/hostinfo      = Mach kernel version:
	 Darwin Kernel Version 11.3.0: Thu Jan 12 18:47:41 PST 2012; root:xnu-1699.24.23~1/RELEASE_X86_64
Kernel configured for up to 4 processors.
4 processors are physically available.
4 processors are logically available.
Processor type: i486 (Intel 80486)
Processors active: 0 1 2 3
Primary memory available: 8.00 gigabytes
Default processor set: 94 tasks, 418 threads, 4 processors
Load average: 1.88, Mach factor: 2.11
/bin/machine           = unknown
/usr/bin/oslevel       = unknown
/bin/universe          = unknown

PATH: /private/tmp/homebrew-autoconf-2.68b-hG7t/autoconf-2.68b/tests
PATH: /usr/local/bin
PATH: /usr/local/share/python
PATH: /usr/local/texlive/2011/bin/x86_64-darwin
PATH: /usr/bin
PATH: /bin
PATH: /usr/sbin
PATH: /sbin
PATH: /usr/X11/bin
PATH: /usr/local/Library/Contributions/examples


## ----------- ##
## Core tests. ##
## ----------- ##

configure:1653: creating cache config.cache
configure:1790: checking for gcc
configure:1817: result: /usr/bin/llvm-gcc
configure:2046: checking for C compiler version
configure:2055: /usr/bin/llvm-gcc --version >&5
i686-apple-darwin11-llvm-gcc-4.2 (GCC) 4.2.1 (Based on Apple Inc. build 5658) (LLVM build 2336.9.00)
Copyright (C) 2007 Free Software Foundation, Inc.
This is free software; see the source for copying conditions.  There is NO
warranty; not even for MERCHANTABILITY or FITNESS FOR A PARTICULAR PURPOSE.

configure:2066: $? = 0
configure:2055: /usr/bin/llvm-gcc -v >&5
Using built-in specs.
Target: i686-apple-darwin11
Configured with: /private/var/tmp/llvmgcc42/llvmgcc42-2336.9~22/src/configure --disable-checking --enable-werror --prefix=/Applications/Xcode.app/Contents/Developer/usr/llvm-gcc-4.2 --mandir=/share/man --enable-languages=c,objc,c++,obj-c++ --program-prefix=llvm- --program-transform-name=/^[cg][^.-]*$/s/$/-4.2/ --with-slibdir=/usr/lib --build=i686-apple-darwin11 --enable-llvm=/private/var/tmp/llvmgcc42/llvmgcc42-2336.9~22/dst-llvmCore/Developer/usr/local --program-prefix=i686-apple-darwin11- --host=x86_64-apple-darwin11 --target=i686-apple-darwin11 --with-gxx-include-dir=/usr/include/c++/4.2.1
Thread model: posix
gcc version 4.2.1 (Based on Apple Inc. build 5658) (LLVM build 2336.9.00)
configure:2066: $? = 0
configure:2055: /usr/bin/llvm-gcc -V >&5
llvm-gcc-4.2: argument to `-V' is missing
configure:2066: $? = 1
configure:2055: /usr/bin/llvm-gcc -qversion >&5
i686-apple-darwin11-llvm-gcc-4.2: no input files
configure:2066: $? = 1
configure:2086: checking whether the C compiler works
configure:2108: /usr/bin/llvm-gcc -Os -w -pipe -march=core2 -msse4   conftest.c  >&5
configure:2112: $? = 0
configure:2160: result: yes
configure:2163: checking for C compiler default output file name
configure:2165: result: a.out
configure:2171: checking for suffix of executables
configure:2178: /usr/bin/llvm-gcc -o conftest -Os -w -pipe -march=core2 -msse4   conftest.c  >&5
configure:2182: $? = 0
configure:2204: result: 
configure:2226: checking whether we are cross compiling
configure:2234: /usr/bin/llvm-gcc -o conftest -Os -w -pipe -march=core2 -msse4   conftest.c  >&5
configure:2238: $? = 0
configure:2245: ./conftest
configure:2249: $? = 0
configure:2264: result: no
configure:2269: checking for suffix of object files
configure:2291: /usr/bin/llvm-gcc -c -Os -w -pipe -march=core2 -msse4  conftest.c >&5
configure:2295: $? = 0
configure:2316: result: o
configure:2320: checking whether we are using the GNU C compiler
configure:2339: /usr/bin/llvm-gcc -c -Os -w -pipe -march=core2 -msse4  conftest.c >&5
configure:2339: $? = 0
configure:2348: result: yes
configure:2357: checking whether /usr/bin/llvm-gcc accepts -g
configure:2377: /usr/bin/llvm-gcc -c -g  conftest.c >&5
configure:2377: $? = 0
configure:2418: result: yes
configure:2435: checking for /usr/bin/llvm-gcc option to accept ISO C89
configure:2498: /usr/bin/llvm-gcc  -c -Os -w -pipe -march=core2 -msse4  conftest.c >&5
configure:2498: $? = 0
configure:2511: result: none needed
configure:2533: checking whether backslash-a works in strings
configure:2556: /usr/bin/llvm-gcc -c -Os -w -pipe -march=core2 -msse4  conftest.c >&5
configure:2556: $? = 0
configure:2563: result: yes
configure:2636: updating cache config.cache
configure:2685: creating ./config.status

## ---------------------- ##
## Running config.status. ##
## ---------------------- ##

This file was extended by config.status, which was
generated by GNU Autoconf 2.68b.  Invocation command line was

  CONFIG_FILES    = 
  CONFIG_HEADERS  = 
  CONFIG_LINKS    = 
  CONFIG_COMMANDS = 
  $ ./config.status 

on LeBus.local

config.status:665: creating config.h

## ---------------- ##
## Cache variables. ##
## ---------------- ##

ac_cv_c_backslash_a=yes
ac_cv_c_compiler_gnu=yes
ac_cv_env_CC_set=set
ac_cv_env_CC_value=/usr/bin/llvm-gcc
ac_cv_env_CFLAGS_set=set
ac_cv_env_CFLAGS_value='-Os -w -pipe -march=core2 -msse4'
ac_cv_env_CPPFLAGS_set=
ac_cv_env_CPPFLAGS_value=
ac_cv_env_LDFLAGS_set=
ac_cv_env_LDFLAGS_value=
ac_cv_env_LIBS_set=
ac_cv_env_LIBS_value=
ac_cv_env_build_alias_set=
ac_cv_env_build_alias_value=
ac_cv_env_host_alias_set=
ac_cv_env_host_alias_value=
ac_cv_env_target_alias_set=
ac_cv_env_target_alias_value=
ac_cv_objext=o
ac_cv_prog_ac_ct_CC=/usr/bin/llvm-gcc
ac_cv_prog_cc_c89=
ac_cv_prog_cc_g=yes

## ----------------- ##
## Output variables. ##
## ----------------- ##

CC='/usr/bin/llvm-gcc'
CFLAGS='-Os -w -pipe -march=core2 -msse4'
CPPFLAGS=''
DEFS='-DHAVE_CONFIG_H'
ECHO_C='\c'
ECHO_N=''
ECHO_T=''
EXEEXT=''
LDFLAGS=''
LIBOBJS=''
LIBS=''
LTLIBOBJS=''
OBJEXT='o'
PACKAGE_BUGREPORT=''
PACKAGE_NAME=''
PACKAGE_STRING=''
PACKAGE_TARNAME=''
PACKAGE_URL=''
PACKAGE_VERSION=''
PATH_SEPARATOR=':'
SHELL='/bin/sh'
ac_ct_CC='/usr/bin/llvm-gcc'
bindir='${exec_prefix}/bin'
build_alias=''
datadir='${datarootdir}'
datarootdir='${prefix}/share'
docdir='${datarootdir}/doc/${PACKAGE}'
dvidir='${docdir}'
exec_prefix='${prefix}'
host_alias=''
htmldir='${docdir}'
includedir='${prefix}/include'
infodir='${datarootdir}/info'
libdir='${exec_prefix}/lib'
libexecdir='${exec_prefix}/libexec'
localedir='${datarootdir}/locale'
localstatedir='${prefix}/var'
mandir='${datarootdir}/man'
oldincludedir='/usr/include'
pdfdir='${docdir}'
prefix='/usr/local'
program_transform_name='s,x,x,'
psdir='${docdir}'
sbindir='${exec_prefix}/sbin'
sharedstatedir='${prefix}/com'
sysconfdir='${prefix}/etc'
target_alias=''

## ----------- ##
## confdefs.h. ##
## ----------- ##

/* confdefs.h */
#define PACKAGE_NAME ""
#define PACKAGE_TARNAME ""
#define PACKAGE_VERSION ""
#define PACKAGE_STRING ""
#define PACKAGE_BUGREPORT ""
#define PACKAGE_URL ""
#define HAVE_C_BACKSLASH_A 1

configure: exit 0
